<?xml version="1.0" encoding="UTF-8"?>
<!-- Generated by org.testng.reporters.JUnitXMLReporter -->
<testsuite ignored="0" hostname="Qualitrix-LinuxPC" failures="1" tests="1" name="Smoke-Test" time="552.598" errors="0" timestamp="11 Dec 2018 04:44:12 GMT">
  <testcase classname="org.testscripts.CreateBookAndVerify" name="createBookAndVerify" time="205.327">
    <failure type="java.lang.AssertionError" message="Failed to save And Send NewBook For Review ">
      <![CDATA[java.lang.AssertionError: Failed to save And Send NewBook For Review 
	at org.pageobjects.CreatorUserPageObj.saveAndSendNewBookForReview(CreatorUserPageObj.java:1821)
	at org.testscripts.CreateBookAndVerify.createBookAndVerify(CreateBookAndVerify.java:46)
... Removed 26 stack frames]]>
    </failure>
  </testcase> <!-- createBookAndVerify -->
</testsuite> <!-- Smoke-Test -->
